<?xml version="1.0" encoding="UTF-8"?>
<testsuite xmlns:xsi="http://www.w3.org/2001/XMLSchema-instance" xsi:noNamespaceSchemaLocation="https://maven.apache.org/surefire/maven-surefire-plugin/xsd/surefire-test-report.xsd" name="testJPA" time="0.039" tests="1" errors="1" skipped="0" failures="0">
  <properties>
    <property name="sun.desktop" value="windows"/>
    <property name="awt.toolkit" value="sun.awt.windows.WToolkit"/>
    <property name="java.specification.version" value="11"/>
    <property name="sun.cpu.isalist" value="amd64"/>
    <property name="sun.jnu.encoding" value="Cp1252"/>
    <property name="java.class.path" value="C:\Users\ttomescu\OneDrive - Centric\Documents\GitHub\Java-Technologies\TournamentScheduling\target\test-classes;C:\Users\ttomescu\OneDrive - Centric\Documents\GitHub\Java-Technologies\TournamentScheduling\target\classes;C:\Users\ttomescu\.m2\repository\jakarta\platform\jakarta.jakartaee-api\8.0.0\jakarta.jakartaee-api-8.0.0.jar;C:\Users\ttomescu\.m2\repository\org\primefaces\primefaces\11.0.0\primefaces-11.0.0.jar;C:\Users\ttomescu\.m2\repository\org\postgresql\postgresql\42.5.0\postgresql-42.5.0.jar;C:\Users\ttomescu\.m2\repository\org\checkerframework\checker-qual\3.5.0\checker-qual-3.5.0.jar;C:\Users\ttomescu\.m2\repository\org\junit\jupiter\junit-jupiter-api\5.6.0\junit-jupiter-api-5.6.0.jar;C:\Users\ttomescu\.m2\repository\org\apiguardian\apiguardian-api\1.1.0\apiguardian-api-1.1.0.jar;C:\Users\ttomescu\.m2\repository\org\opentest4j\opentest4j\1.2.0\opentest4j-1.2.0.jar;C:\Users\ttomescu\.m2\repository\org\junit\platform\junit-platform-commons\1.6.0\junit-platform-commons-1.6.0.jar;C:\Users\ttomescu\.m2\repository\org\junit\jupiter\junit-jupiter-params\5.6.0\junit-jupiter-params-5.6.0.jar;C:\Users\ttomescu\.m2\repository\org\junit\jupiter\junit-jupiter-engine\5.6.0\junit-jupiter-engine-5.6.0.jar;C:\Users\ttomescu\.m2\repository\org\junit\platform\junit-platform-engine\1.6.0\junit-platform-engine-1.6.0.jar;"/>
    <property name="java.vm.vendor" value="Oracle Corporation"/>
    <property name="sun.arch.data.model" value="64"/>
    <property name="user.variant" value=""/>
    <property name="java.vendor.url" value="https://openjdk.java.net/"/>
    <property name="user.timezone" value="Europe/Athens"/>
    <property name="java.vm.specification.version" value="11"/>
    <property name="os.name" value="Windows 10"/>
    <property name="user.country" value="US"/>
    <property name="sun.java.launcher" value="SUN_STANDARD"/>
    <property name="sun.boot.library.path" value="C:\Program Files\Java\jdk-11.0.16\bin"/>
    <property name="sun.java.command" value="C:\Users\ttomescu\AppData\Local\Temp\surefire13730179149176858189\surefirebooter851524812193241319.jar C:\Users\ttomescu\AppData\Local\Temp\surefire13730179149176858189 2022-11-13T19-38-36_791-jvmRun1 surefire14127803383766715463tmp surefire_02089019251498445349tmp"/>
    <property name="jdk.debug" value="release"/>
    <property name="test" value="testJPA#testJPA"/>
    <property name="surefire.test.class.path" value="C:\Users\ttomescu\OneDrive - Centric\Documents\GitHub\Java-Technologies\TournamentScheduling\target\test-classes;C:\Users\ttomescu\OneDrive - Centric\Documents\GitHub\Java-Technologies\TournamentScheduling\target\classes;C:\Users\ttomescu\.m2\repository\jakarta\platform\jakarta.jakartaee-api\8.0.0\jakarta.jakartaee-api-8.0.0.jar;C:\Users\ttomescu\.m2\repository\org\primefaces\primefaces\11.0.0\primefaces-11.0.0.jar;C:\Users\ttomescu\.m2\repository\org\postgresql\postgresql\42.5.0\postgresql-42.5.0.jar;C:\Users\ttomescu\.m2\repository\org\checkerframework\checker-qual\3.5.0\checker-qual-3.5.0.jar;C:\Users\ttomescu\.m2\repository\org\junit\jupiter\junit-jupiter-api\5.6.0\junit-jupiter-api-5.6.0.jar;C:\Users\ttomescu\.m2\repository\org\apiguardian\apiguardian-api\1.1.0\apiguardian-api-1.1.0.jar;C:\Users\ttomescu\.m2\repository\org\opentest4j\opentest4j\1.2.0\opentest4j-1.2.0.jar;C:\Users\ttomescu\.m2\repository\org\junit\platform\junit-platform-commons\1.6.0\junit-platform-commons-1.6.0.jar;C:\Users\ttomescu\.m2\repository\org\junit\jupiter\junit-jupiter-params\5.6.0\junit-jupiter-params-5.6.0.jar;C:\Users\ttomescu\.m2\repository\org\junit\jupiter\junit-jupiter-engine\5.6.0\junit-jupiter-engine-5.6.0.jar;C:\Users\ttomescu\.m2\repository\org\junit\platform\junit-platform-engine\1.6.0\junit-platform-engine-1.6.0.jar;"/>
    <property name="sun.cpu.endian" value="little"/>
    <property name="user.home" value="C:\Users\ttomescu"/>
    <property name="user.language" value="en"/>
    <property name="java.specification.vendor" value="Oracle Corporation"/>
    <property name="java.version.date" value="2022-07-19"/>
    <property name="java.home" value="C:\Program Files\Java\jdk-11.0.16"/>
    <property name="file.separator" value="\"/>
    <property name="basedir" value="C:\Users\ttomescu\OneDrive - Centric\Documents\GitHub\Java-Technologies\TournamentScheduling"/>
    <property name="java.vm.compressedOopsMode" value="Zero based"/>
    <property name="line.separator" value="&#10;"/>
    <property name="java.specification.name" value="Java Platform API Specification"/>
    <property name="java.vm.specification.vendor" value="Oracle Corporation"/>
    <property name="java.awt.graphicsenv" value="sun.awt.Win32GraphicsEnvironment"/>
    <property name="surefire.real.class.path" value="C:\Users\ttomescu\AppData\Local\Temp\surefire13730179149176858189\surefirebooter851524812193241319.jar"/>
    <property name="user.script" value=""/>
    <property name="sun.management.compiler" value="HotSpot 64-Bit Tiered Compilers"/>
    <property name="java.runtime.version" value="11.0.16+11-LTS-199"/>
    <property name="user.name" value="ttomescu"/>
    <property name="path.separator" value=";"/>
    <property name="os.version" value="10.0"/>
    <property name="java.runtime.name" value="Java(TM) SE Runtime Environment"/>
    <property name="file.encoding" value="UTF-8"/>
    <property name="java.vm.name" value="Java HotSpot(TM) 64-Bit Server VM"/>
    <property name="java.vendor.version" value="18.9"/>
    <property name="maven.ext.class.path" value="C:\Program Files\NetBeans-15\netbeans\java\maven-nblib\netbeans-eventspy.jar"/>
    <property name="localRepository" value="C:\Users\ttomescu\.m2\repository"/>
    <property name="java.vendor.url.bug" value="https://bugreport.java.com/bugreport/"/>
    <property name="java.io.tmpdir" value="C:\Users\ttomescu\AppData\Local\Temp\"/>
    <property name="java.version" value="11.0.16"/>
    <property name="user.dir" value="C:\Users\ttomescu\OneDrive - Centric\Documents\GitHub\Java-Technologies\TournamentScheduling"/>
    <property name="os.arch" value="amd64"/>
    <property name="java.vm.specification.name" value="Java Virtual Machine Specification"/>
    <property name="java.awt.printerjob" value="sun.awt.windows.WPrinterJob"/>
    <property name="sun.os.patch.level" value=""/>
    <property name="java.library.path" value="C:\Program Files\Java\jdk-11.0.16\bin;C:\WINDOWS\Sun\Java\bin;C:\WINDOWS\system32;C:\WINDOWS;C:\Program Files\Common Files\Oracle\Java\javapath;C:\WINDOWS\system32;C:\WINDOWS;C:\WINDOWS\System32\Wbem;C:\WINDOWS\System32\WindowsPowerShell\v1.0\;C:\WINDOWS\System32\OpenSSH\;C:\Program Files\Microsoft SQL Server\150\Tools\Binn\;C:\Program Files\Microsoft SQL Server\Client SDK\ODBC\170\Tools\Binn\;C:\Program Files\dotnet\;C:\Program Files\Microsoft\Web Platform Installer\;C:\Program Files\nodejs\;C:\Program Files (x86)\Microsoft SQL Server\150\Tools\Binn\;C:\Program Files\Microsoft SQL Server\150\DTS\Binn\;C:\Program Files (x86)\Microsoft SQL Server\150\DTS\Binn\;C:\Program Files\Azure Data Studio\bin;C:\WINDOWS\system32;C:\WINDOWS;C:\WINDOWS\System32\Wbem;C:\WINDOWS\System32\WindowsPowerShell\v1.0\;C:\WINDOWS\System32\OpenSSH\;C:\Program Files\Git\cmd;C:\Program Files\Microsoft VS Code\bin;C:\Users\ttomescu\AppData\Local\Microsoft\WindowsApps;C:\Users\ttomescu\AppData\Local\Programs\Microsoft VS Code\bin;C:\Users\ttomescu\AppData\Roaming\npm;C:\Program Files\Azure Data Studio\bin;C:\Users\ttomescu\.dotnet\tools;C:\Users\ttomescu\AppData\Local\GitHubDesktop\bin;."/>
    <property name="java.vendor" value="Oracle Corporation"/>
    <property name="java.vm.info" value="mixed mode"/>
    <property name="java.vm.version" value="11.0.16+11-LTS-199"/>
    <property name="sun.io.unicode.encoding" value="UnicodeLittle"/>
    <property name="java.class.version" value="55.0"/>
  </properties>
  <testcase name="testJPA" classname="testJPA" time="0.032">
    <error message="No Persistence provider for EntityManager named poolResource" type="javax.persistence.PersistenceException">javax.persistence.PersistenceException: No Persistence provider for EntityManager named poolResource
	at testJPA.testJPA(testJPA.java:49)
</error>
    <system-err><![CDATA[Nov 13, 2022 7:38:37 PM javax.persistence.spi.PersistenceProviderResolverHolder$DefaultPersistenceProviderResolver log
WARNING: javax.persistence.spi::No valid providers found.
]]></system-err>
  </testcase>
</testsuite>